<?xml version="1.0" encoding="utf-8"?><testsuites name="pytest tests"><testsuite name="pytest" errors="0" failures="0" skipped="0" tests="12" time="6.420" timestamp="2026-01-28T14:04:47.448135+00:00" hostname="agent-env-8002ff51-f9d9-4beb-975f-374397b5c3c0"><testcase classname="backend.tests.test_time_entries.TestAuth" name="test_admin_login" time="0.381" /><testcase classname="backend.tests.test_time_entries.TestAuth" name="test_employee_login" time="0.267" /><testcase classname="backend.tests.test_time_entries.TestProjectsAccess" name="test_employee_can_see_projects" time="0.322" /><testcase classname="backend.tests.test_time_entries.TestTimeEntryCreation" name="test_employee_can_create_time_entry" time="0.353" /><testcase classname="backend.tests.test_time_entries.TestTimeEntryStatusEditing" name="test_employee_can_edit_draft_entry" time="0.401" /><testcase classname="backend.tests.test_time_entries.TestTimeEntryStatusEditing" name="test_employee_can_edit_submitted_entry" time="0.436" /><testcase classname="backend.tests.test_time_entries.TestTimeEntryStatusEditing" name="test_employee_can_edit_rejected_entry" time="0.758" /><testcase classname="backend.tests.test_time_entries.TestTimeEntryStatusEditing" name="test_employee_cannot_edit_validated_entry" time="0.775" /><testcase classname="backend.tests.test_time_entries.TestTimeEntryStatusEditing" name="test_employee_cannot_edit_admin_modified_entry" time="0.787" /><testcase classname="backend.tests.test_time_entries.TestAdminCapabilities" name="test_admin_can_validate_submitted_entry" time="0.691" /><testcase classname="backend.tests.test_time_entries.TestAdminCapabilities" name="test_admin_can_edit_any_entry" time="0.666" /><testcase classname="backend.tests.test_time_entries.TestSubmitFlow" name="test_submit_draft_entry" time="0.369" /></testsuite></testsuites>